<?xml version="1.0" encoding="UTF-8"?>
<!-- Generated by org.testng.reporters.JUnitReportReporter -->
<testsuite hostname="GCS-LT-182" failures="0" tests="1" name="testCaseRepoFormPom.Main" time="0.624" errors="0" timestamp="2023-04-04T12:27:49 IST" skipped="0">
  <testcase classname="testCaseRepoFormPom.Main" name="PerformGPM" time="0.624"/>
  <system-out/>
</testsuite> <!-- testCaseRepoFormPom.Main -->
